Build output check failed:
    Regex: 'command[- ]line option .* is valid for .* but not for C'
    Output line: 'cc1: warning: command-line option ‘-Wnon-virtual-dtor’ is valid for C++/ObjC++ but not for C'
Compilation failed:
    source file: '/home/fabien/Documents/FDS/M1/TER/opencv-4.7.0/build/CMakeFiles/CMakeTmp/src.c'
    check option: ' -fsigned-char -W -Wall -Wreturn-type  -Wnon-virtual-dtor'
===== BUILD LOG =====
Change Dir: /home/fabien/Documents/FDS/M1/TER/opencv-4.7.0/build/CMakeFiles/CMakeTmp

Run Build Command(s):/usr/bin/gmake -f Makefile cmTC_92e7b/fast && /usr/bin/gmake  -f CMakeFiles/cmTC_92e7b.dir/build.make CMakeFiles/cmTC_92e7b.dir/build
gmake[1] : on entre dans le répertoire « /home/fabien/Documents/FDS/M1/TER/opencv-4.7.0/build/CMakeFiles/CMakeTmp »
Building C object CMakeFiles/cmTC_92e7b.dir/src.c.o
/usr/bin/cc   -O3 -DNDEBUG -fPIE    -fsigned-char -W -Wall -Wreturn-type  -Wnon-virtual-dtor -o CMakeFiles/cmTC_92e7b.dir/src.c.o -c /home/fabien/Documents/FDS/M1/TER/opencv-4.7.0/build/CMakeFiles/CMakeTmp/src.c
cc1: warning: command-line option ‘-Wnon-virtual-dtor’ is valid for C++/ObjC++ but not for C
/home/fabien/Documents/FDS/M1/TER/opencv-4.7.0/build/CMakeFiles/CMakeTmp/src.c:1: warning: ignoring ‘#pragma  ’ [-Wunknown-pragmas]
    1 | #pragma
      | 
Linking C executable cmTC_92e7b
/usr/bin/cmake -E cmake_link_script CMakeFiles/cmTC_92e7b.dir/link.txt --verbose=1
/usr/bin/cc -O3 -DNDEBUG CMakeFiles/cmTC_92e7b.dir/src.c.o -o cmTC_92e7b 
gmake[1] : on quitte le répertoire « /home/fabien/Documents/FDS/M1/TER/opencv-4.7.0/build/CMakeFiles/CMakeTmp »


===== END =====

Build output check failed:
    Regex: 'command[- ]line option .* is valid for .* but not for C\+\+'
    Output line: 'cc1plus: warning: command-line option ‘-Wmissing-prototypes’ is valid for C/ObjC but not for C++'
Compilation failed:
    source file: '/home/fabien/Documents/FDS/M1/TER/opencv-4.7.0/build/CMakeFiles/CMakeTmp/src.cxx'
    check option: ' -fsigned-char -W -Wall -Wreturn-type -Wnon-virtual-dtor -Waddress -Wsequence-point -Wformat -Wformat-security -Wmissing-declarations  -Wmissing-prototypes'
===== BUILD LOG =====
Change Dir: /home/fabien/Documents/FDS/M1/TER/opencv-4.7.0/build/CMakeFiles/CMakeTmp

Run Build Command(s):/usr/bin/gmake -f Makefile cmTC_11d09/fast && /usr/bin/gmake  -f CMakeFiles/cmTC_11d09.dir/build.make CMakeFiles/cmTC_11d09.dir/build
gmake[1] : on entre dans le répertoire « /home/fabien/Documents/FDS/M1/TER/opencv-4.7.0/build/CMakeFiles/CMakeTmp »
Building CXX object CMakeFiles/cmTC_11d09.dir/src.cxx.o
/usr/bin/c++   -O3 -DNDEBUG -fPIE    -fsigned-char -W -Wall -Wreturn-type -Wnon-virtual-dtor -Waddress -Wsequence-point -Wformat -Wformat-security -Wmissing-declarations  -Wmissing-prototypes -std=c++11 -o CMakeFiles/cmTC_11d09.dir/src.cxx.o -c /home/fabien/Documents/FDS/M1/TER/opencv-4.7.0/build/CMakeFiles/CMakeTmp/src.cxx
cc1plus: warning: command-line option ‘-Wmissing-prototypes’ is valid for C/ObjC but not for C++
/home/fabien/Documents/FDS/M1/TER/opencv-4.7.0/build/CMakeFiles/CMakeTmp/src.cxx:1: warning: ignoring ‘#pragma  ’ [-Wunknown-pragmas]
    1 | #pragma
      | 
Linking CXX executable cmTC_11d09
/usr/bin/cmake -E cmake_link_script CMakeFiles/cmTC_11d09.dir/link.txt --verbose=1
/usr/bin/c++ -O3 -DNDEBUG CMakeFiles/cmTC_11d09.dir/src.cxx.o -o cmTC_11d09 
gmake[1] : on quitte le répertoire « /home/fabien/Documents/FDS/M1/TER/opencv-4.7.0/build/CMakeFiles/CMakeTmp »


===== END =====

Build output check failed:
    Regex: 'command[- ]line option .* is valid for .* but not for C\+\+'
    Output line: 'cc1plus: warning: command-line option ‘-Wstrict-prototypes’ is valid for C/ObjC but not for C++'
Compilation failed:
    source file: '/home/fabien/Documents/FDS/M1/TER/opencv-4.7.0/build/CMakeFiles/CMakeTmp/src.cxx'
    check option: ' -fsigned-char -W -Wall -Wreturn-type -Wnon-virtual-dtor -Waddress -Wsequence-point -Wformat -Wformat-security -Wmissing-declarations  -Wstrict-prototypes'
===== BUILD LOG =====
Change Dir: /home/fabien/Documents/FDS/M1/TER/opencv-4.7.0/build/CMakeFiles/CMakeTmp

Run Build Command(s):/usr/bin/gmake -f Makefile cmTC_48366/fast && /usr/bin/gmake  -f CMakeFiles/cmTC_48366.dir/build.make CMakeFiles/cmTC_48366.dir/build
gmake[1] : on entre dans le répertoire « /home/fabien/Documents/FDS/M1/TER/opencv-4.7.0/build/CMakeFiles/CMakeTmp »
Building CXX object CMakeFiles/cmTC_48366.dir/src.cxx.o
/usr/bin/c++   -O3 -DNDEBUG -fPIE    -fsigned-char -W -Wall -Wreturn-type -Wnon-virtual-dtor -Waddress -Wsequence-point -Wformat -Wformat-security -Wmissing-declarations  -Wstrict-prototypes -std=c++11 -o CMakeFiles/cmTC_48366.dir/src.cxx.o -c /home/fabien/Documents/FDS/M1/TER/opencv-4.7.0/build/CMakeFiles/CMakeTmp/src.cxx
cc1plus: warning: command-line option ‘-Wstrict-prototypes’ is valid for C/ObjC but not for C++
/home/fabien/Documents/FDS/M1/TER/opencv-4.7.0/build/CMakeFiles/CMakeTmp/src.cxx:1: warning: ignoring ‘#pragma  ’ [-Wunknown-pragmas]
    1 | #pragma
      | 
Linking CXX executable cmTC_48366
/usr/bin/cmake -E cmake_link_script CMakeFiles/cmTC_48366.dir/link.txt --verbose=1
/usr/bin/c++ -O3 -DNDEBUG CMakeFiles/cmTC_48366.dir/src.cxx.o -o cmTC_48366 
gmake[1] : on quitte le répertoire « /home/fabien/Documents/FDS/M1/TER/opencv-4.7.0/build/CMakeFiles/CMakeTmp »


===== END =====

Build output check failed:
    Regex: 'command[- ]line option .* is valid for .* but not for C'
    Output line: 'cc1: warning: command-line option ‘-Wsign-promo’ is valid for C++/ObjC++ but not for C'
Compilation failed:
    source file: '/home/fabien/Documents/FDS/M1/TER/opencv-4.7.0/build/CMakeFiles/CMakeTmp/src.c'
    check option: ' -fsigned-char -W -Wall -Wreturn-type -Waddress -Wsequence-point -Wformat -Wformat-security -Wmissing-declarations -Wmissing-prototypes -Wstrict-prototypes -Wundef -Winit-self -Wpointer-arith -Wshadow  -Wsign-promo'
===== BUILD LOG =====
Change Dir: /home/fabien/Documents/FDS/M1/TER/opencv-4.7.0/build/CMakeFiles/CMakeTmp

Run Build Command(s):/usr/bin/gmake -f Makefile cmTC_1f717/fast && /usr/bin/gmake  -f CMakeFiles/cmTC_1f717.dir/build.make CMakeFiles/cmTC_1f717.dir/build
gmake[1] : on entre dans le répertoire « /home/fabien/Documents/FDS/M1/TER/opencv-4.7.0/build/CMakeFiles/CMakeTmp »
Building C object CMakeFiles/cmTC_1f717.dir/src.c.o
/usr/bin/cc   -O3 -DNDEBUG -fPIE    -fsigned-char -W -Wall -Wreturn-type -Waddress -Wsequence-point -Wformat -Wformat-security -Wmissing-declarations -Wmissing-prototypes -Wstrict-prototypes -Wundef -Winit-self -Wpointer-arith -Wshadow  -Wsign-promo -o CMakeFiles/cmTC_1f717.dir/src.c.o -c /home/fabien/Documents/FDS/M1/TER/opencv-4.7.0/build/CMakeFiles/CMakeTmp/src.c
cc1: warning: command-line option ‘-Wsign-promo’ is valid for C++/ObjC++ but not for C
/home/fabien/Documents/FDS/M1/TER/opencv-4.7.0/build/CMakeFiles/CMakeTmp/src.c:1: warning: ignoring ‘#pragma  ’ [-Wunknown-pragmas]
    1 | #pragma
      | 
Linking C executable cmTC_1f717
/usr/bin/cmake -E cmake_link_script CMakeFiles/cmTC_1f717.dir/link.txt --verbose=1
/usr/bin/cc -O3 -DNDEBUG CMakeFiles/cmTC_1f717.dir/src.c.o -o cmTC_1f717 
gmake[1] : on quitte le répertoire « /home/fabien/Documents/FDS/M1/TER/opencv-4.7.0/build/CMakeFiles/CMakeTmp »


===== END =====

Build output check failed:
    Regex: 'command[- ]line option .* is valid for .* but not for C'
    Output line: 'cc1: warning: command-line option ‘-Wsuggest-override’ is valid for C++/ObjC++ but not for C'
Compilation failed:
    source file: '/home/fabien/Documents/FDS/M1/TER/opencv-4.7.0/build/CMakeFiles/CMakeTmp/src.c'
    check option: ' -fsigned-char -W -Wall -Wreturn-type -Waddress -Wsequence-point -Wformat -Wformat-security -Wmissing-declarations -Wmissing-prototypes -Wstrict-prototypes -Wundef -Winit-self -Wpointer-arith -Wshadow -Wuninitialized  -Wsuggest-override'
===== BUILD LOG =====
Change Dir: /home/fabien/Documents/FDS/M1/TER/opencv-4.7.0/build/CMakeFiles/CMakeTmp

Run Build Command(s):/usr/bin/gmake -f Makefile cmTC_208a4/fast && /usr/bin/gmake  -f CMakeFiles/cmTC_208a4.dir/build.make CMakeFiles/cmTC_208a4.dir/build
gmake[1] : on entre dans le répertoire « /home/fabien/Documents/FDS/M1/TER/opencv-4.7.0/build/CMakeFiles/CMakeTmp »
Building C object CMakeFiles/cmTC_208a4.dir/src.c.o
/usr/bin/cc   -O3 -DNDEBUG -fPIE    -fsigned-char -W -Wall -Wreturn-type -Waddress -Wsequence-point -Wformat -Wformat-security -Wmissing-declarations -Wmissing-prototypes -Wstrict-prototypes -Wundef -Winit-self -Wpointer-arith -Wshadow -Wuninitialized  -Wsuggest-override -o CMakeFiles/cmTC_208a4.dir/src.c.o -c /home/fabien/Documents/FDS/M1/TER/opencv-4.7.0/build/CMakeFiles/CMakeTmp/src.c
cc1: warning: command-line option ‘-Wsuggest-override’ is valid for C++/ObjC++ but not for C
/home/fabien/Documents/FDS/M1/TER/opencv-4.7.0/build/CMakeFiles/CMakeTmp/src.c:1: warning: ignoring ‘#pragma  ’ [-Wunknown-pragmas]
    1 | #pragma
      | 
Linking C executable cmTC_208a4
/usr/bin/cmake -E cmake_link_script CMakeFiles/cmTC_208a4.dir/link.txt --verbose=1
/usr/bin/cc -O3 -DNDEBUG CMakeFiles/cmTC_208a4.dir/src.c.o -o cmTC_208a4 
gmake[1] : on quitte le répertoire « /home/fabien/Documents/FDS/M1/TER/opencv-4.7.0/build/CMakeFiles/CMakeTmp »


===== END =====

Build output check failed:
    Regex: 'command[- ]line option .* is valid for .* but not for C'
    Output line: 'cc1: warning: command-line option ‘-Wno-delete-non-virtual-dtor’ is valid for C++/ObjC++ but not for C'
Compilation failed:
    source file: '/home/fabien/Documents/FDS/M1/TER/opencv-4.7.0/build/CMakeFiles/CMakeTmp/src.c'
    check option: ' -fsigned-char -W -Wall -Wreturn-type -Waddress -Wsequence-point -Wformat -Wformat-security -Wmissing-declarations -Wmissing-prototypes -Wstrict-prototypes -Wundef -Winit-self -Wpointer-arith -Wshadow -Wuninitialized  -Wno-delete-non-virtual-dtor'
===== BUILD LOG =====
Change Dir: /home/fabien/Documents/FDS/M1/TER/opencv-4.7.0/build/CMakeFiles/CMakeTmp

Run Build Command(s):/usr/bin/gmake -f Makefile cmTC_939ff/fast && /usr/bin/gmake  -f CMakeFiles/cmTC_939ff.dir/build.make CMakeFiles/cmTC_939ff.dir/build
gmake[1] : on entre dans le répertoire « /home/fabien/Documents/FDS/M1/TER/opencv-4.7.0/build/CMakeFiles/CMakeTmp »
Building C object CMakeFiles/cmTC_939ff.dir/src.c.o
/usr/bin/cc   -O3 -DNDEBUG -fPIE    -fsigned-char -W -Wall -Wreturn-type -Waddress -Wsequence-point -Wformat -Wformat-security -Wmissing-declarations -Wmissing-prototypes -Wstrict-prototypes -Wundef -Winit-self -Wpointer-arith -Wshadow -Wuninitialized  -Wno-delete-non-virtual-dtor -o CMakeFiles/cmTC_939ff.dir/src.c.o -c /home/fabien/Documents/FDS/M1/TER/opencv-4.7.0/build/CMakeFiles/CMakeTmp/src.c
cc1: warning: command-line option ‘-Wno-delete-non-virtual-dtor’ is valid for C++/ObjC++ but not for C
/home/fabien/Documents/FDS/M1/TER/opencv-4.7.0/build/CMakeFiles/CMakeTmp/src.c:1: warning: ignoring ‘#pragma  ’ [-Wunknown-pragmas]
    1 | #pragma
      | 
Linking C executable cmTC_939ff
/usr/bin/cmake -E cmake_link_script CMakeFiles/cmTC_939ff.dir/link.txt --verbose=1
/usr/bin/cc -O3 -DNDEBUG CMakeFiles/cmTC_939ff.dir/src.c.o -o cmTC_939ff 
gmake[1] : on quitte le répertoire « /home/fabien/Documents/FDS/M1/TER/opencv-4.7.0/build/CMakeFiles/CMakeTmp »


===== END =====

Build output check failed:
    Regex: 'unrecognized .*option'
    Output line: 'cc1plus: note: unrecognized command-line option ‘-Wno-unnamed-type-template-args’ may have been intended to silence earlier diagnostics'
Compilation failed:
    source file: '/home/fabien/Documents/FDS/M1/TER/opencv-4.7.0/build/CMakeFiles/CMakeTmp/src.cxx'
    check option: ' -fsigned-char -W -Wall -Wreturn-type -Wnon-virtual-dtor -Waddress -Wsequence-point -Wformat -Wformat-security -Wmissing-declarations -Wundef -Winit-self -Wpointer-arith -Wshadow -Wsign-promo -Wuninitialized -Wsuggest-override -Wno-delete-non-virtual-dtor  -Wno-unnamed-type-template-args'
===== BUILD LOG =====
Change Dir: /home/fabien/Documents/FDS/M1/TER/opencv-4.7.0/build/CMakeFiles/CMakeTmp

Run Build Command(s):/usr/bin/gmake -f Makefile cmTC_b5bba/fast && /usr/bin/gmake  -f CMakeFiles/cmTC_b5bba.dir/build.make CMakeFiles/cmTC_b5bba.dir/build
gmake[1] : on entre dans le répertoire « /home/fabien/Documents/FDS/M1/TER/opencv-4.7.0/build/CMakeFiles/CMakeTmp »
Building CXX object CMakeFiles/cmTC_b5bba.dir/src.cxx.o
/usr/bin/c++   -O3 -DNDEBUG -fPIE    -fsigned-char -W -Wall -Wreturn-type -Wnon-virtual-dtor -Waddress -Wsequence-point -Wformat -Wformat-security -Wmissing-declarations -Wundef -Winit-self -Wpointer-arith -Wshadow -Wsign-promo -Wuninitialized -Wsuggest-override -Wno-delete-non-virtual-dtor  -Wno-unnamed-type-template-args -std=c++11 -o CMakeFiles/cmTC_b5bba.dir/src.cxx.o -c /home/fabien/Documents/FDS/M1/TER/opencv-4.7.0/build/CMakeFiles/CMakeTmp/src.cxx
/home/fabien/Documents/FDS/M1/TER/opencv-4.7.0/build/CMakeFiles/CMakeTmp/src.cxx:1: warning: ignoring ‘#pragma  ’ [-Wunknown-pragmas]
    1 | #pragma
      | 
cc1plus: note: unrecognized command-line option ‘-Wno-unnamed-type-template-args’ may have been intended to silence earlier diagnostics
Linking CXX executable cmTC_b5bba
/usr/bin/cmake -E cmake_link_script CMakeFiles/cmTC_b5bba.dir/link.txt --verbose=1
/usr/bin/c++ -O3 -DNDEBUG CMakeFiles/cmTC_b5bba.dir/src.cxx.o -o cmTC_b5bba 
gmake[1] : on quitte le répertoire « /home/fabien/Documents/FDS/M1/TER/opencv-4.7.0/build/CMakeFiles/CMakeTmp »


===== END =====

Build output check failed:
    Regex: 'unrecognized .*option'
    Output line: 'cc1: note: unrecognized command-line option ‘-Wno-unnamed-type-template-args’ may have been intended to silence earlier diagnostics'
Compilation failed:
    source file: '/home/fabien/Documents/FDS/M1/TER/opencv-4.7.0/build/CMakeFiles/CMakeTmp/src.c'
    check option: ' -fsigned-char -W -Wall -Wreturn-type -Waddress -Wsequence-point -Wformat -Wformat-security -Wmissing-declarations -Wmissing-prototypes -Wstrict-prototypes -Wundef -Winit-self -Wpointer-arith -Wshadow -Wuninitialized  -Wno-unnamed-type-template-args'
===== BUILD LOG =====
Change Dir: /home/fabien/Documents/FDS/M1/TER/opencv-4.7.0/build/CMakeFiles/CMakeTmp

Run Build Command(s):/usr/bin/gmake -f Makefile cmTC_b7fce/fast && /usr/bin/gmake  -f CMakeFiles/cmTC_b7fce.dir/build.make CMakeFiles/cmTC_b7fce.dir/build
gmake[1] : on entre dans le répertoire « /home/fabien/Documents/FDS/M1/TER/opencv-4.7.0/build/CMakeFiles/CMakeTmp »
Building C object CMakeFiles/cmTC_b7fce.dir/src.c.o
/usr/bin/cc   -O3 -DNDEBUG -fPIE    -fsigned-char -W -Wall -Wreturn-type -Waddress -Wsequence-point -Wformat -Wformat-security -Wmissing-declarations -Wmissing-prototypes -Wstrict-prototypes -Wundef -Winit-self -Wpointer-arith -Wshadow -Wuninitialized  -Wno-unnamed-type-template-args -o CMakeFiles/cmTC_b7fce.dir/src.c.o -c /home/fabien/Documents/FDS/M1/TER/opencv-4.7.0/build/CMakeFiles/CMakeTmp/src.c
/home/fabien/Documents/FDS/M1/TER/opencv-4.7.0/build/CMakeFiles/CMakeTmp/src.c:1: warning: ignoring ‘#pragma  ’ [-Wunknown-pragmas]
    1 | #pragma
      | 
cc1: note: unrecognized command-line option ‘-Wno-unnamed-type-template-args’ may have been intended to silence earlier diagnostics
Linking C executable cmTC_b7fce
/usr/bin/cmake -E cmake_link_script CMakeFiles/cmTC_b7fce.dir/link.txt --verbose=1
/usr/bin/cc -O3 -DNDEBUG CMakeFiles/cmTC_b7fce.dir/src.c.o -o cmTC_b7fce 
gmake[1] : on quitte le répertoire « /home/fabien/Documents/FDS/M1/TER/opencv-4.7.0/build/CMakeFiles/CMakeTmp »


===== END =====

Build output check failed:
    Regex: 'command[- ]line option .* is valid for .* but not for C'
    Output line: 'cc1: warning: command-line option ‘-fvisibility-inlines-hidden’ is valid for C++/ObjC++ but not for C'
Compilation failed:
    source file: '/home/fabien/Documents/FDS/M1/TER/opencv-4.7.0/build/CMakeFiles/CMakeTmp/src.c'
    check option: ' -fsigned-char -W -Wall -Wreturn-type -Waddress -Wsequence-point -Wformat -Wformat-security -Wmissing-declarations -Wmissing-prototypes -Wstrict-prototypes -Wundef -Winit-self -Wpointer-arith -Wshadow -Wuninitialized -Wno-comment -Wimplicit-fallthrough=3 -Wno-strict-overflow -fdiagnostics-show-option -Wno-long-long -pthread -fomit-frame-pointer -ffunction-sections -fdata-sections  -msse -msse2 -msse3 -fvisibility=hidden  -fvisibility-inlines-hidden'
===== BUILD LOG =====
Change Dir: /home/fabien/Documents/FDS/M1/TER/opencv-4.7.0/build/CMakeFiles/CMakeTmp

Run Build Command(s):/usr/bin/gmake -f Makefile cmTC_09a7e/fast && /usr/bin/gmake  -f CMakeFiles/cmTC_09a7e.dir/build.make CMakeFiles/cmTC_09a7e.dir/build
gmake[1] : on entre dans le répertoire « /home/fabien/Documents/FDS/M1/TER/opencv-4.7.0/build/CMakeFiles/CMakeTmp »
Building C object CMakeFiles/cmTC_09a7e.dir/src.c.o
/usr/bin/cc   -O3 -DNDEBUG -fPIE    -fsigned-char -W -Wall -Wreturn-type -Waddress -Wsequence-point -Wformat -Wformat-security -Wmissing-declarations -Wmissing-prototypes -Wstrict-prototypes -Wundef -Winit-self -Wpointer-arith -Wshadow -Wuninitialized -Wno-comment -Wimplicit-fallthrough=3 -Wno-strict-overflow -fdiagnostics-show-option -Wno-long-long -pthread -fomit-frame-pointer -ffunction-sections -fdata-sections  -msse -msse2 -msse3 -fvisibility=hidden  -fvisibility-inlines-hidden -o CMakeFiles/cmTC_09a7e.dir/src.c.o -c /home/fabien/Documents/FDS/M1/TER/opencv-4.7.0/build/CMakeFiles/CMakeTmp/src.c
cc1: warning: command-line option ‘-fvisibility-inlines-hidden’ is valid for C++/ObjC++ but not for C
/home/fabien/Documents/FDS/M1/TER/opencv-4.7.0/build/CMakeFiles/CMakeTmp/src.c:1: warning: ignoring ‘#pragma  ’ [-Wunknown-pragmas]
    1 | #pragma
      | 
Linking C executable cmTC_09a7e
/usr/bin/cmake -E cmake_link_script CMakeFiles/cmTC_09a7e.dir/link.txt --verbose=1
/usr/bin/cc -O3 -DNDEBUG CMakeFiles/cmTC_09a7e.dir/src.c.o -o cmTC_09a7e 
gmake[1] : on quitte le répertoire « /home/fabien/Documents/FDS/M1/TER/opencv-4.7.0/build/CMakeFiles/CMakeTmp »


===== END =====

Build output check failed:
    Regex: 'unrecognized .*option'
    Output line: 'cc1: note: unrecognized command-line option ‘-Wno-implicit-const-int-float-conversion’ may have been intended to silence earlier diagnostics'
Compilation failed:
    source file: '/home/fabien/Documents/FDS/M1/TER/opencv-4.7.0/build/CMakeFiles/CMakeTmp/src.c'
    check option: ' -Wno-implicit-const-int-float-conversion'
===== BUILD LOG =====
Change Dir: /home/fabien/Documents/FDS/M1/TER/opencv-4.7.0/build/CMakeFiles/CMakeTmp

Run Build Command(s):/usr/bin/gmake -f Makefile cmTC_9cd3e/fast && /usr/bin/gmake  -f CMakeFiles/cmTC_9cd3e.dir/build.make CMakeFiles/cmTC_9cd3e.dir/build
gmake[1] : on entre dans le répertoire « /home/fabien/Documents/FDS/M1/TER/opencv-4.7.0/build/CMakeFiles/CMakeTmp »
Building C object CMakeFiles/cmTC_9cd3e.dir/src.c.o
/usr/bin/cc   -fsigned-char -W -Wall -Wreturn-type -Waddress -Wsequence-point -Wformat -Wformat-security -Wmissing-declarations -Wmissing-prototypes -Wstrict-prototypes -Wundef -Winit-self -Wpointer-arith -Wshadow -Wuninitialized -Wno-comment -Wimplicit-fallthrough=3 -Wno-strict-overflow -fdiagnostics-show-option -Wno-long-long -pthread -fomit-frame-pointer -ffunction-sections -fdata-sections  -msse -msse2 -msse3 -fvisibility=hidden  -O3 -DNDEBUG  -DNDEBUG -fPIE    -Wno-implicit-const-int-float-conversion -o CMakeFiles/cmTC_9cd3e.dir/src.c.o -c /home/fabien/Documents/FDS/M1/TER/opencv-4.7.0/build/CMakeFiles/CMakeTmp/src.c
/home/fabien/Documents/FDS/M1/TER/opencv-4.7.0/build/CMakeFiles/CMakeTmp/src.c:1: warning: ignoring ‘#pragma  ’ [-Wunknown-pragmas]
    1 | #pragma
      | 
cc1: note: unrecognized command-line option ‘-Wno-implicit-const-int-float-conversion’ may have been intended to silence earlier diagnostics
Linking C executable cmTC_9cd3e
/usr/bin/cmake -E cmake_link_script CMakeFiles/cmTC_9cd3e.dir/link.txt --verbose=1
/usr/bin/cc    -fsigned-char -W -Wall -Wreturn-type -Waddress -Wsequence-point -Wformat -Wformat-security -Wmissing-declarations -Wmissing-prototypes -Wstrict-prototypes -Wundef -Winit-self -Wpointer-arith -Wshadow -Wuninitialized -Wno-comment -Wimplicit-fallthrough=3 -Wno-strict-overflow -fdiagnostics-show-option -Wno-long-long -pthread -fomit-frame-pointer -ffunction-sections -fdata-sections  -msse -msse2 -msse3 -fvisibility=hidden  -O3 -DNDEBUG  -DNDEBUG   -Wl,--gc-sections -Wl,--as-needed -Wl,--no-undefined  CMakeFiles/cmTC_9cd3e.dir/src.c.o -o cmTC_9cd3e 
gmake[1] : on quitte le répertoire « /home/fabien/Documents/FDS/M1/TER/opencv-4.7.0/build/CMakeFiles/CMakeTmp »


===== END =====

Determining if the _aligned_malloc exist failed with the following output:
Change Dir: /home/fabien/Documents/FDS/M1/TER/opencv-4.7.0/build/CMakeFiles/CMakeTmp

Run Build Command(s):/usr/bin/gmake -f Makefile cmTC_3a286/fast && /usr/bin/gmake  -f CMakeFiles/cmTC_3a286.dir/build.make CMakeFiles/cmTC_3a286.dir/build
gmake[1] : on entre dans le répertoire « /home/fabien/Documents/FDS/M1/TER/opencv-4.7.0/build/CMakeFiles/CMakeTmp »
Building C object CMakeFiles/cmTC_3a286.dir/CheckSymbolExists.c.o
/usr/bin/cc   -fsigned-char -W -Wall -Wreturn-type -Waddress -Wsequence-point -Wformat -Wformat-security -Wmissing-declarations -Wmissing-prototypes -Wstrict-prototypes -Wundef -Winit-self -Wpointer-arith -Wshadow -Wuninitialized -Wno-comment -Wimplicit-fallthrough=3 -Wno-strict-overflow -fdiagnostics-show-option -Wno-long-long -pthread -fomit-frame-pointer -ffunction-sections -fdata-sections  -msse -msse2 -msse3 -fvisibility=hidden -Wno-unused-but-set-variable  -O3 -DNDEBUG  -DNDEBUG -fPIE -o CMakeFiles/cmTC_3a286.dir/CheckSymbolExists.c.o -c /home/fabien/Documents/FDS/M1/TER/opencv-4.7.0/build/CMakeFiles/CMakeTmp/CheckSymbolExists.c
/home/fabien/Documents/FDS/M1/TER/opencv-4.7.0/build/CMakeFiles/CMakeTmp/CheckSymbolExists.c: In function ‘main’:
/home/fabien/Documents/FDS/M1/TER/opencv-4.7.0/build/CMakeFiles/CMakeTmp/CheckSymbolExists.c:8:19: error: ‘_aligned_malloc’ undeclared (first use in this function)
    8 |   return ((int*)(&_aligned_malloc))[argc];
      |                   ^~~~~~~~~~~~~~~
/home/fabien/Documents/FDS/M1/TER/opencv-4.7.0/build/CMakeFiles/CMakeTmp/CheckSymbolExists.c:8:19: note: each undeclared identifier is reported only once for each function it appears in
/home/fabien/Documents/FDS/M1/TER/opencv-4.7.0/build/CMakeFiles/CMakeTmp/CheckSymbolExists.c:4:14: warning: parameter ‘argc’ set but not used [-Wunused-but-set-parameter]
    4 | int main(int argc, char** argv)
      |          ~~~~^~~~
gmake[1]: *** [CMakeFiles/cmTC_3a286.dir/build.make:78 : CMakeFiles/cmTC_3a286.dir/CheckSymbolExists.c.o] Erreur 1
gmake[1] : on quitte le répertoire « /home/fabien/Documents/FDS/M1/TER/opencv-4.7.0/build/CMakeFiles/CMakeTmp »
gmake: *** [Makefile:127 : cmTC_3a286/fast] Erreur 2


File /home/fabien/Documents/FDS/M1/TER/opencv-4.7.0/build/CMakeFiles/CMakeTmp/CheckSymbolExists.c:
/* */
#include <malloc.h>

int main(int argc, char** argv)
{
  (void)argv;
#ifndef _aligned_malloc
  return ((int*)(&_aligned_malloc))[argc];
#else
  (void)argc;
  return 0;
#endif
}
Build output check failed:
    Regex: 'unrecognized .*option'
    Output line: 'cc1plus: note: unrecognized command-line option ‘-Wno-inconsistent-missing-override’ may have been intended to silence earlier diagnostics'
Compilation failed:
    source file: '/home/fabien/Documents/FDS/M1/TER/opencv-4.7.0/build/CMakeFiles/CMakeTmp/src.cxx'
    check option: ' -Wno-inconsistent-missing-override'
===== BUILD LOG =====
Change Dir: /home/fabien/Documents/FDS/M1/TER/opencv-4.7.0/build/CMakeFiles/CMakeTmp

Run Build Command(s):/usr/bin/gmake -f Makefile cmTC_8315d/fast && /usr/bin/gmake  -f CMakeFiles/cmTC_8315d.dir/build.make CMakeFiles/cmTC_8315d.dir/build
gmake[1] : on entre dans le répertoire « /home/fabien/Documents/FDS/M1/TER/opencv-4.7.0/build/CMakeFiles/CMakeTmp »
Building CXX object CMakeFiles/cmTC_8315d.dir/src.cxx.o
/usr/bin/c++   -fsigned-char -W -Wall -Wreturn-type -Wnon-virtual-dtor -Waddress -Wsequence-point -Wformat -Wformat-security -Winit-self -Wpointer-arith -Wsign-promo -Wno-delete-non-virtual-dtor -Wno-comment -Wimplicit-fallthrough=3 -Wno-strict-overflow -fdiagnostics-show-option -Wno-long-long -pthread -fomit-frame-pointer -ffunction-sections -fdata-sections  -msse -msse2 -msse3 -fvisibility=hidden -fvisibility-inlines-hidden -Wno-shadow -Wno-unused -Wno-sign-compare -Wno-undef -Wno-missing-declarations -Wno-uninitialized -Wno-switch -Wno-parentheses -Wno-array-bounds -Wno-extra -Wno-deprecated-declarations -Wno-misleading-indentation -Wno-deprecated -Wno-suggest-override  -O3 -DNDEBUG  -DNDEBUG -fPIE    -Wno-inconsistent-missing-override -std=c++11 -o CMakeFiles/cmTC_8315d.dir/src.cxx.o -c /home/fabien/Documents/FDS/M1/TER/opencv-4.7.0/build/CMakeFiles/CMakeTmp/src.cxx
/home/fabien/Documents/FDS/M1/TER/opencv-4.7.0/build/CMakeFiles/CMakeTmp/src.cxx:1: warning: ignoring ‘#pragma  ’ [-Wunknown-pragmas]
    1 | #pragma
      | 
cc1plus: note: unrecognized command-line option ‘-Wno-inconsistent-missing-override’ may have been intended to silence earlier diagnostics
Linking CXX executable cmTC_8315d
/usr/bin/cmake -E cmake_link_script CMakeFiles/cmTC_8315d.dir/link.txt --verbose=1
/usr/bin/c++    -fsigned-char -W -Wall -Wreturn-type -Wnon-virtual-dtor -Waddress -Wsequence-point -Wformat -Wformat-security -Winit-self -Wpointer-arith -Wsign-promo -Wno-delete-non-virtual-dtor -Wno-comment -Wimplicit-fallthrough=3 -Wno-strict-overflow -fdiagnostics-show-option -Wno-long-long -pthread -fomit-frame-pointer -ffunction-sections -fdata-sections  -msse -msse2 -msse3 -fvisibility=hidden -fvisibility-inlines-hidden -Wno-shadow -Wno-unused -Wno-sign-compare -Wno-undef -Wno-missing-declarations -Wno-uninitialized -Wno-switch -Wno-parentheses -Wno-array-bounds -Wno-extra -Wno-deprecated-declarations -Wno-misleading-indentation -Wno-deprecated -Wno-suggest-override  -O3 -DNDEBUG  -DNDEBUG   -Wl,--gc-sections -Wl,--as-needed -Wl,--no-undefined  CMakeFiles/cmTC_8315d.dir/src.cxx.o -o cmTC_8315d 
gmake[1] : on quitte le répertoire « /home/fabien/Documents/FDS/M1/TER/opencv-4.7.0/build/CMakeFiles/CMakeTmp »


===== END =====

Build output check failed:
    Regex: 'command[- ]line option .* is valid for .* but not for C\+\+'
    Output line: 'cc1plus: warning: command-line option ‘-Wno-missing-prototypes’ is valid for C/ObjC but not for C++'
Compilation failed:
    source file: '/home/fabien/Documents/FDS/M1/TER/opencv-4.7.0/build/CMakeFiles/CMakeTmp/src.cxx'
    check option: ' -Wno-missing-prototypes'
===== BUILD LOG =====
Change Dir: /home/fabien/Documents/FDS/M1/TER/opencv-4.7.0/build/CMakeFiles/CMakeTmp

Run Build Command(s):/usr/bin/gmake -f Makefile cmTC_29048/fast && /usr/bin/gmake  -f CMakeFiles/cmTC_29048.dir/build.make CMakeFiles/cmTC_29048.dir/build
gmake[1] : on entre dans le répertoire « /home/fabien/Documents/FDS/M1/TER/opencv-4.7.0/build/CMakeFiles/CMakeTmp »
Building CXX object CMakeFiles/cmTC_29048.dir/src.cxx.o
/usr/bin/c++   -fsigned-char -W -Wall -Wreturn-type -Wnon-virtual-dtor -Waddress -Wsequence-point -Wformat -Wformat-security -Winit-self -Wpointer-arith -Wsign-promo -Wno-delete-non-virtual-dtor -Wno-comment -Wno-strict-overflow -fdiagnostics-show-option -Wno-long-long -pthread -fomit-frame-pointer -ffunction-sections -fdata-sections  -msse -msse2 -msse3 -fvisibility=hidden -fvisibility-inlines-hidden -Wno-shadow -Wno-unused -Wno-sign-compare -Wno-undef -Wno-missing-declarations -Wno-uninitialized -Wno-switch -Wno-parentheses -Wno-array-bounds -Wno-extra -Wno-deprecated-declarations -Wno-misleading-indentation -Wno-deprecated -Wno-suggest-override -Wno-implicit-fallthrough -Wno-tautological-compare  -O3 -DNDEBUG  -DNDEBUG -fPIE    -Wno-missing-prototypes -std=c++11 -o CMakeFiles/cmTC_29048.dir/src.cxx.o -c /home/fabien/Documents/FDS/M1/TER/opencv-4.7.0/build/CMakeFiles/CMakeTmp/src.cxx
cc1plus: warning: command-line option ‘-Wno-missing-prototypes’ is valid for C/ObjC but not for C++
/home/fabien/Documents/FDS/M1/TER/opencv-4.7.0/build/CMakeFiles/CMakeTmp/src.cxx:1: warning: ignoring ‘#pragma  ’ [-Wunknown-pragmas]
    1 | #pragma
      | 
Linking CXX executable cmTC_29048
/usr/bin/cmake -E cmake_link_script CMakeFiles/cmTC_29048.dir/link.txt --verbose=1
/usr/bin/c++    -fsigned-char -W -Wall -Wreturn-type -Wnon-virtual-dtor -Waddress -Wsequence-point -Wformat -Wformat-security -Winit-self -Wpointer-arith -Wsign-promo -Wno-delete-non-virtual-dtor -Wno-comment -Wno-strict-overflow -fdiagnostics-show-option -Wno-long-long -pthread -fomit-frame-pointer -ffunction-sections -fdata-sections  -msse -msse2 -msse3 -fvisibility=hidden -fvisibility-inlines-hidden -Wno-shadow -Wno-unused -Wno-sign-compare -Wno-undef -Wno-missing-declarations -Wno-uninitialized -Wno-switch -Wno-parentheses -Wno-array-bounds -Wno-extra -Wno-deprecated-declarations -Wno-misleading-indentation -Wno-deprecated -Wno-suggest-override -Wno-implicit-fallthrough -Wno-tautological-compare  -O3 -DNDEBUG  -DNDEBUG   -Wl,--gc-sections -Wl,--as-needed -Wl,--no-undefined  CMakeFiles/cmTC_29048.dir/src.cxx.o -o cmTC_29048 
gmake[1] : on quitte le répertoire « /home/fabien/Documents/FDS/M1/TER/opencv-4.7.0/build/CMakeFiles/CMakeTmp »


===== END =====

Build output check failed:
    Regex: 'unrecognized .*option'
    Output line: 'cc1plus: note: unrecognized command-line option ‘-Wno-implicit-const-int-float-conversion’ may have been intended to silence earlier diagnostics'
Compilation failed:
    source file: '/home/fabien/Documents/FDS/M1/TER/opencv-4.7.0/build/CMakeFiles/CMakeTmp/src.cxx'
    check option: ' -Wno-implicit-const-int-float-conversion'
===== BUILD LOG =====
Change Dir: /home/fabien/Documents/FDS/M1/TER/opencv-4.7.0/build/CMakeFiles/CMakeTmp

Run Build Command(s):/usr/bin/gmake -f Makefile cmTC_05e1a/fast && /usr/bin/gmake  -f CMakeFiles/cmTC_05e1a.dir/build.make CMakeFiles/cmTC_05e1a.dir/build
gmake[1] : on entre dans le répertoire « /home/fabien/Documents/FDS/M1/TER/opencv-4.7.0/build/CMakeFiles/CMakeTmp »
Building CXX object CMakeFiles/cmTC_05e1a.dir/src.cxx.o
/usr/bin/c++   -fsigned-char -W -Wall -Wreturn-type -Wnon-virtual-dtor -Waddress -Wsequence-point -Wformat -Wformat-security -Winit-self -Wpointer-arith -Wsign-promo -Wno-delete-non-virtual-dtor -Wno-comment -Wno-strict-overflow -fdiagnostics-show-option -Wno-long-long -pthread -fomit-frame-pointer -ffunction-sections -fdata-sections  -msse -msse2 -msse3 -fvisibility=hidden -fvisibility-inlines-hidden -Wno-shadow -Wno-unused -Wno-sign-compare -Wno-undef -Wno-missing-declarations -Wno-uninitialized -Wno-switch -Wno-parentheses -Wno-array-bounds -Wno-extra -Wno-deprecated-declarations -Wno-misleading-indentation -Wno-deprecated -Wno-suggest-override -Wno-implicit-fallthrough -Wno-tautological-compare -Wno-reorder -Wno-unused-result  -O3 -DNDEBUG  -DNDEBUG -fPIE    -Wno-implicit-const-int-float-conversion -std=c++11 -o CMakeFiles/cmTC_05e1a.dir/src.cxx.o -c /home/fabien/Documents/FDS/M1/TER/opencv-4.7.0/build/CMakeFiles/CMakeTmp/src.cxx
/home/fabien/Documents/FDS/M1/TER/opencv-4.7.0/build/CMakeFiles/CMakeTmp/src.cxx:1: warning: ignoring ‘#pragma  ’ [-Wunknown-pragmas]
    1 | #pragma
      | 
cc1plus: note: unrecognized command-line option ‘-Wno-implicit-const-int-float-conversion’ may have been intended to silence earlier diagnostics
Linking CXX executable cmTC_05e1a
/usr/bin/cmake -E cmake_link_script CMakeFiles/cmTC_05e1a.dir/link.txt --verbose=1
/usr/bin/c++    -fsigned-char -W -Wall -Wreturn-type -Wnon-virtual-dtor -Waddress -Wsequence-point -Wformat -Wformat-security -Winit-self -Wpointer-arith -Wsign-promo -Wno-delete-non-virtual-dtor -Wno-comment -Wno-strict-overflow -fdiagnostics-show-option -Wno-long-long -pthread -fomit-frame-pointer -ffunction-sections -fdata-sections  -msse -msse2 -msse3 -fvisibility=hidden -fvisibility-inlines-hidden -Wno-shadow -Wno-unused -Wno-sign-compare -Wno-undef -Wno-missing-declarations -Wno-uninitialized -Wno-switch -Wno-parentheses -Wno-array-bounds -Wno-extra -Wno-deprecated-declarations -Wno-misleading-indentation -Wno-deprecated -Wno-suggest-override -Wno-implicit-fallthrough -Wno-tautological-compare -Wno-reorder -Wno-unused-result  -O3 -DNDEBUG  -DNDEBUG   -Wl,--gc-sections -Wl,--as-needed -Wl,--no-undefined  CMakeFiles/cmTC_05e1a.dir/src.cxx.o -o cmTC_05e1a 
gmake[1] : on quitte le répertoire « /home/fabien/Documents/FDS/M1/TER/opencv-4.7.0/build/CMakeFiles/CMakeTmp »


===== END =====

Determining if the function sgemm_ exists failed with the following output:
Change Dir: /home/fabien/Documents/FDS/M1/TER/opencv-4.7.0/build/CMakeFiles/CMakeTmp

Run Build Command(s):/usr/bin/gmake -f Makefile cmTC_78ada/fast && /usr/bin/gmake  -f CMakeFiles/cmTC_78ada.dir/build.make CMakeFiles/cmTC_78ada.dir/build
gmake[1] : on entre dans le répertoire « /home/fabien/Documents/FDS/M1/TER/opencv-4.7.0/build/CMakeFiles/CMakeTmp »
Building C object CMakeFiles/cmTC_78ada.dir/CheckFunctionExists.c.o
/usr/bin/cc   -fsigned-char -W -Wall -Wreturn-type -Waddress -Wsequence-point -Wformat -Wformat-security -Wmissing-declarations -Wmissing-prototypes -Wstrict-prototypes -Wundef -Winit-self -Wpointer-arith -Wshadow -Wuninitialized -Wno-comment -Wimplicit-fallthrough=3 -Wno-strict-overflow -fdiagnostics-show-option -Wno-long-long -pthread -fomit-frame-pointer -ffunction-sections -fdata-sections  -msse -msse2 -msse3 -fvisibility=hidden -DCHECK_FUNCTION_EXISTS=sgemm_ -O3 -DNDEBUG  -DNDEBUG -fPIE -o CMakeFiles/cmTC_78ada.dir/CheckFunctionExists.c.o -c /usr/share/cmake-3.22/Modules/CheckFunctionExists.c
Linking C executable cmTC_78ada
/usr/bin/cmake -E cmake_link_script CMakeFiles/cmTC_78ada.dir/link.txt --verbose=1
/usr/bin/cc    -fsigned-char -W -Wall -Wreturn-type -Waddress -Wsequence-point -Wformat -Wformat-security -Wmissing-declarations -Wmissing-prototypes -Wstrict-prototypes -Wundef -Winit-self -Wpointer-arith -Wshadow -Wuninitialized -Wno-comment -Wimplicit-fallthrough=3 -Wno-strict-overflow -fdiagnostics-show-option -Wno-long-long -pthread -fomit-frame-pointer -ffunction-sections -fdata-sections  -msse -msse2 -msse3 -fvisibility=hidden -DCHECK_FUNCTION_EXISTS=sgemm_ -O3 -DNDEBUG  -DNDEBUG   -Wl,--gc-sections -Wl,--as-needed -Wl,--no-undefined  CMakeFiles/cmTC_78ada.dir/CheckFunctionExists.c.o -o cmTC_78ada 
/usr/bin/ld : CMakeFiles/cmTC_78ada.dir/CheckFunctionExists.c.o : dans la fonction « main » :
CheckFunctionExists.c:(.text.startup.main+0x10) : référence indéfinie vers « sgemm_ »
collect2: error: ld returned 1 exit status
gmake[1]: *** [CMakeFiles/cmTC_78ada.dir/build.make:99 : cmTC_78ada] Erreur 1
gmake[1] : on quitte le répertoire « /home/fabien/Documents/FDS/M1/TER/opencv-4.7.0/build/CMakeFiles/CMakeTmp »
gmake: *** [Makefile:127 : cmTC_78ada/fast] Erreur 2



Build output check failed:
    Regex: 'unrecognized .*option'
    Output line: 'cc1plus: note: unrecognized command-line option ‘-Wno-tautological-undefined-compare’ may have been intended to silence earlier diagnostics'
Compilation failed:
    source file: '/home/fabien/Documents/FDS/M1/TER/opencv-4.7.0/build/CMakeFiles/CMakeTmp/src.cxx'
    check option: ' -Wno-tautological-undefined-compare'
===== BUILD LOG =====
Change Dir: /home/fabien/Documents/FDS/M1/TER/opencv-4.7.0/build/CMakeFiles/CMakeTmp

Run Build Command(s):/usr/bin/gmake -f Makefile cmTC_a6a64/fast && /usr/bin/gmake  -f CMakeFiles/cmTC_a6a64.dir/build.make CMakeFiles/cmTC_a6a64.dir/build
gmake[1] : on entre dans le répertoire « /home/fabien/Documents/FDS/M1/TER/opencv-4.7.0/build/CMakeFiles/CMakeTmp »
Building CXX object CMakeFiles/cmTC_a6a64.dir/src.cxx.o
/usr/bin/c++   -fsigned-char -W -Wall -Wreturn-type -Wnon-virtual-dtor -Waddress -Wsequence-point -Wformat -Wformat-security -Winit-self -Wpointer-arith -Wuninitialized -Wsuggest-override -Wno-delete-non-virtual-dtor -Wno-comment -Wimplicit-fallthrough=3 -Wno-strict-overflow -fdiagnostics-show-option -Wno-long-long -pthread -fomit-frame-pointer -ffunction-sections -fdata-sections  -msse -msse2 -msse3 -fvisibility=hidden -fvisibility-inlines-hidden -Wno-deprecated -Wno-missing-declarations -Wno-shadow -Wno-unused-parameter -Wno-unused-local-typedefs -Wno-sign-compare -Wno-sign-promo -Wno-undef  -O3 -DNDEBUG  -DNDEBUG -fPIE    -Wno-tautological-undefined-compare -std=c++11 -o CMakeFiles/cmTC_a6a64.dir/src.cxx.o -c /home/fabien/Documents/FDS/M1/TER/opencv-4.7.0/build/CMakeFiles/CMakeTmp/src.cxx
/home/fabien/Documents/FDS/M1/TER/opencv-4.7.0/build/CMakeFiles/CMakeTmp/src.cxx:1: warning: ignoring ‘#pragma  ’ [-Wunknown-pragmas]
    1 | #pragma
      | 
cc1plus: note: unrecognized command-line option ‘-Wno-tautological-undefined-compare’ may have been intended to silence earlier diagnostics
Linking CXX executable cmTC_a6a64
/usr/bin/cmake -E cmake_link_script CMakeFiles/cmTC_a6a64.dir/link.txt --verbose=1
/usr/bin/c++    -fsigned-char -W -Wall -Wreturn-type -Wnon-virtual-dtor -Waddress -Wsequence-point -Wformat -Wformat-security -Winit-self -Wpointer-arith -Wuninitialized -Wsuggest-override -Wno-delete-non-virtual-dtor -Wno-comment -Wimplicit-fallthrough=3 -Wno-strict-overflow -fdiagnostics-show-option -Wno-long-long -pthread -fomit-frame-pointer -ffunction-sections -fdata-sections  -msse -msse2 -msse3 -fvisibility=hidden -fvisibility-inlines-hidden -Wno-deprecated -Wno-missing-declarations -Wno-shadow -Wno-unused-parameter -Wno-unused-local-typedefs -Wno-sign-compare -Wno-sign-promo -Wno-undef  -O3 -DNDEBUG  -DNDEBUG   -Wl,--gc-sections -Wl,--as-needed -Wl,--no-undefined  CMakeFiles/cmTC_a6a64.dir/src.cxx.o -o cmTC_a6a64 
gmake[1] : on quitte le répertoire « /home/fabien/Documents/FDS/M1/TER/opencv-4.7.0/build/CMakeFiles/CMakeTmp »


===== END =====

Build output check failed:
    Regex: 'unrecognized .*option'
    Output line: 'cc1plus: note: unrecognized command-line option ‘-Wno-shorten-64-to-32’ may have been intended to silence earlier diagnostics'
Compilation failed:
    source file: '/home/fabien/Documents/FDS/M1/TER/opencv-4.7.0/build/CMakeFiles/CMakeTmp/src.cxx'
    check option: ' -Wno-shorten-64-to-32'
===== BUILD LOG =====
Change Dir: /home/fabien/Documents/FDS/M1/TER/opencv-4.7.0/build/CMakeFiles/CMakeTmp

Run Build Command(s):/usr/bin/gmake -f Makefile cmTC_607d0/fast && /usr/bin/gmake  -f CMakeFiles/cmTC_607d0.dir/build.make CMakeFiles/cmTC_607d0.dir/build
gmake[1] : on entre dans le répertoire « /home/fabien/Documents/FDS/M1/TER/opencv-4.7.0/build/CMakeFiles/CMakeTmp »
Building CXX object CMakeFiles/cmTC_607d0.dir/src.cxx.o
/usr/bin/c++   -fsigned-char -W -Wall -Wreturn-type -Wnon-virtual-dtor -Waddress -Wsequence-point -Wformat -Wformat-security -Winit-self -Wpointer-arith -Wuninitialized -Wsuggest-override -Wno-delete-non-virtual-dtor -Wno-comment -Wimplicit-fallthrough=3 -Wno-strict-overflow -fdiagnostics-show-option -Wno-long-long -pthread -fomit-frame-pointer -ffunction-sections -fdata-sections  -msse -msse2 -msse3 -fvisibility=hidden -fvisibility-inlines-hidden -Wno-deprecated -Wno-missing-declarations -Wno-shadow -Wno-unused-parameter -Wno-unused-local-typedefs -Wno-sign-compare -Wno-sign-promo -Wno-undef -Wno-ignored-qualifiers -Wno-extra -Wno-unused-function -Wno-unused-const-variable  -O3 -DNDEBUG  -DNDEBUG -fPIE    -Wno-shorten-64-to-32 -std=c++11 -o CMakeFiles/cmTC_607d0.dir/src.cxx.o -c /home/fabien/Documents/FDS/M1/TER/opencv-4.7.0/build/CMakeFiles/CMakeTmp/src.cxx
/home/fabien/Documents/FDS/M1/TER/opencv-4.7.0/build/CMakeFiles/CMakeTmp/src.cxx:1: warning: ignoring ‘#pragma  ’ [-Wunknown-pragmas]
    1 | #pragma
      | 
cc1plus: note: unrecognized command-line option ‘-Wno-shorten-64-to-32’ may have been intended to silence earlier diagnostics
Linking CXX executable cmTC_607d0
/usr/bin/cmake -E cmake_link_script CMakeFiles/cmTC_607d0.dir/link.txt --verbose=1
/usr/bin/c++    -fsigned-char -W -Wall -Wreturn-type -Wnon-virtual-dtor -Waddress -Wsequence-point -Wformat -Wformat-security -Winit-self -Wpointer-arith -Wuninitialized -Wsuggest-override -Wno-delete-non-virtual-dtor -Wno-comment -Wimplicit-fallthrough=3 -Wno-strict-overflow -fdiagnostics-show-option -Wno-long-long -pthread -fomit-frame-pointer -ffunction-sections -fdata-sections  -msse -msse2 -msse3 -fvisibility=hidden -fvisibility-inlines-hidden -Wno-deprecated -Wno-missing-declarations -Wno-shadow -Wno-unused-parameter -Wno-unused-local-typedefs -Wno-sign-compare -Wno-sign-promo -Wno-undef -Wno-ignored-qualifiers -Wno-extra -Wno-unused-function -Wno-unused-const-variable  -O3 -DNDEBUG  -DNDEBUG   -Wl,--gc-sections -Wl,--as-needed -Wl,--no-undefined  CMakeFiles/cmTC_607d0.dir/src.cxx.o -o cmTC_607d0 
gmake[1] : on quitte le répertoire « /home/fabien/Documents/FDS/M1/TER/opencv-4.7.0/build/CMakeFiles/CMakeTmp »


===== END =====

Build output check failed:
    Regex: 'unrecognized .*option'
    Output line: 'cc1plus: note: unrecognized command-line option ‘-Wno-enum-compare-switch’ may have been intended to silence earlier diagnostics'
Compilation failed:
    source file: '/home/fabien/Documents/FDS/M1/TER/opencv-4.7.0/build/CMakeFiles/CMakeTmp/src.cxx'
    check option: ' -Wno-enum-compare-switch'
===== BUILD LOG =====
Change Dir: /home/fabien/Documents/FDS/M1/TER/opencv-4.7.0/build/CMakeFiles/CMakeTmp

Run Build Command(s):/usr/bin/gmake -f Makefile cmTC_389ca/fast && /usr/bin/gmake  -f CMakeFiles/cmTC_389ca.dir/build.make CMakeFiles/cmTC_389ca.dir/build
gmake[1] : on entre dans le répertoire « /home/fabien/Documents/FDS/M1/TER/opencv-4.7.0/build/CMakeFiles/CMakeTmp »
Building CXX object CMakeFiles/cmTC_389ca.dir/src.cxx.o
/usr/bin/c++   -fsigned-char -W -Wall -Wreturn-type -Wnon-virtual-dtor -Waddress -Wsequence-point -Wformat -Wformat-security -Winit-self -Wpointer-arith -Wuninitialized -Wsuggest-override -Wno-delete-non-virtual-dtor -Wno-comment -Wimplicit-fallthrough=3 -Wno-strict-overflow -fdiagnostics-show-option -Wno-long-long -pthread -fomit-frame-pointer -ffunction-sections -fdata-sections  -msse -msse2 -msse3 -fvisibility=hidden -fvisibility-inlines-hidden -Wno-deprecated -Wno-missing-declarations -Wno-shadow -Wno-unused-parameter -Wno-unused-local-typedefs -Wno-sign-compare -Wno-sign-promo -Wno-undef -Wno-ignored-qualifiers -Wno-extra -Wno-unused-function -Wno-unused-const-variable -Wno-invalid-offsetof  -O3 -DNDEBUG  -DNDEBUG -fPIE    -Wno-enum-compare-switch -std=c++11 -o CMakeFiles/cmTC_389ca.dir/src.cxx.o -c /home/fabien/Documents/FDS/M1/TER/opencv-4.7.0/build/CMakeFiles/CMakeTmp/src.cxx
/home/fabien/Documents/FDS/M1/TER/opencv-4.7.0/build/CMakeFiles/CMakeTmp/src.cxx:1: warning: ignoring ‘#pragma  ’ [-Wunknown-pragmas]
    1 | #pragma
      | 
cc1plus: note: unrecognized command-line option ‘-Wno-enum-compare-switch’ may have been intended to silence earlier diagnostics
Linking CXX executable cmTC_389ca
/usr/bin/cmake -E cmake_link_script CMakeFiles/cmTC_389ca.dir/link.txt --verbose=1
/usr/bin/c++    -fsigned-char -W -Wall -Wreturn-type -Wnon-virtual-dtor -Waddress -Wsequence-point -Wformat -Wformat-security -Winit-self -Wpointer-arith -Wuninitialized -Wsuggest-override -Wno-delete-non-virtual-dtor -Wno-comment -Wimplicit-fallthrough=3 -Wno-strict-overflow -fdiagnostics-show-option -Wno-long-long -pthread -fomit-frame-pointer -ffunction-sections -fdata-sections  -msse -msse2 -msse3 -fvisibility=hidden -fvisibility-inlines-hidden -Wno-deprecated -Wno-missing-declarations -Wno-shadow -Wno-unused-parameter -Wno-unused-local-typedefs -Wno-sign-compare -Wno-sign-promo -Wno-undef -Wno-ignored-qualifiers -Wno-extra -Wno-unused-function -Wno-unused-const-variable -Wno-invalid-offsetof  -O3 -DNDEBUG  -DNDEBUG   -Wl,--gc-sections -Wl,--as-needed -Wl,--no-undefined  CMakeFiles/cmTC_389ca.dir/src.cxx.o -o cmTC_389ca 
gmake[1] : on quitte le répertoire « /home/fabien/Documents/FDS/M1/TER/opencv-4.7.0/build/CMakeFiles/CMakeTmp »


===== END =====

Determining if the include file sys/videoio.h exists failed with the following output:
Change Dir: /home/fabien/Documents/FDS/M1/TER/opencv-4.7.0/build/CMakeFiles/CMakeTmp

Run Build Command(s):/usr/bin/gmake -f Makefile cmTC_9c859/fast && /usr/bin/gmake  -f CMakeFiles/cmTC_9c859.dir/build.make CMakeFiles/cmTC_9c859.dir/build
gmake[1] : on entre dans le répertoire « /home/fabien/Documents/FDS/M1/TER/opencv-4.7.0/build/CMakeFiles/CMakeTmp »
Building C object CMakeFiles/cmTC_9c859.dir/CheckIncludeFile.c.o
/usr/bin/cc   -fsigned-char -W -Wall -Wreturn-type -Waddress -Wsequence-point -Wformat -Wformat-security -Wmissing-declarations -Wmissing-prototypes -Wstrict-prototypes -Wundef -Winit-self -Wpointer-arith -Wshadow -Wuninitialized -Wno-comment -Wimplicit-fallthrough=3 -Wno-strict-overflow -fdiagnostics-show-option -Wno-long-long -pthread -fomit-frame-pointer -ffunction-sections -fdata-sections  -msse -msse2 -msse3 -fvisibility=hidden  -O3 -DNDEBUG  -DNDEBUG -fPIE -o CMakeFiles/cmTC_9c859.dir/CheckIncludeFile.c.o -c /home/fabien/Documents/FDS/M1/TER/opencv-4.7.0/build/CMakeFiles/CMakeTmp/CheckIncludeFile.c
/home/fabien/Documents/FDS/M1/TER/opencv-4.7.0/build/CMakeFiles/CMakeTmp/CheckIncludeFile.c:1:10: fatal error: sys/videoio.h: Aucun fichier ou dossier de ce type
    1 | #include <sys/videoio.h>
      |          ^~~~~~~~~~~~~~~
compilation terminated.
gmake[1]: *** [CMakeFiles/cmTC_9c859.dir/build.make:78 : CMakeFiles/cmTC_9c859.dir/CheckIncludeFile.c.o] Erreur 1
gmake[1] : on quitte le répertoire « /home/fabien/Documents/FDS/M1/TER/opencv-4.7.0/build/CMakeFiles/CMakeTmp »
gmake: *** [Makefile:127 : cmTC_9c859/fast] Erreur 2



Build output check failed:
    Regex: 'unrecognized .*option'
    Output line: 'cc1plus: note: unrecognized command-line option ‘-Wno-unused-private-field’ may have been intended to silence earlier diagnostics'
Compilation failed:
    source file: '/home/fabien/Documents/FDS/M1/TER/opencv-4.7.0/build/CMakeFiles/CMakeTmp/src.cxx'
    check option: ' -Wno-unused-private-field'
===== BUILD LOG =====
Change Dir: /home/fabien/Documents/FDS/M1/TER/opencv-4.7.0/build/CMakeFiles/CMakeTmp

Run Build Command(s):/usr/bin/gmake -f Makefile cmTC_82045/fast && /usr/bin/gmake  -f CMakeFiles/cmTC_82045.dir/build.make CMakeFiles/cmTC_82045.dir/build
gmake[1] : on entre dans le répertoire « /home/fabien/Documents/FDS/M1/TER/opencv-4.7.0/build/CMakeFiles/CMakeTmp »
Building CXX object CMakeFiles/cmTC_82045.dir/src.cxx.o
/usr/bin/c++   -fsigned-char -W -Wall -Wreturn-type -Wnon-virtual-dtor -Waddress -Wsequence-point -Wformat -Wformat-security -Wmissing-declarations -Wundef -Winit-self -Wpointer-arith -Wshadow -Wsign-promo -Wuninitialized -Wsuggest-override -Wno-delete-non-virtual-dtor -Wno-comment -Wimplicit-fallthrough=3 -Wno-strict-overflow -fdiagnostics-show-option -Wno-long-long -pthread -fomit-frame-pointer -ffunction-sections -fdata-sections  -msse -msse2 -msse3 -fvisibility=hidden -fvisibility-inlines-hidden -Wno-unused-function -Wno-deprecated-declarations -Wno-overloaded-virtual  -O3 -DNDEBUG  -DNDEBUG -fPIE    -Wno-unused-private-field -std=c++11 -o CMakeFiles/cmTC_82045.dir/src.cxx.o -c /home/fabien/Documents/FDS/M1/TER/opencv-4.7.0/build/CMakeFiles/CMakeTmp/src.cxx
/home/fabien/Documents/FDS/M1/TER/opencv-4.7.0/build/CMakeFiles/CMakeTmp/src.cxx:1: warning: ignoring ‘#pragma  ’ [-Wunknown-pragmas]
    1 | #pragma
      | 
cc1plus: note: unrecognized command-line option ‘-Wno-unused-private-field’ may have been intended to silence earlier diagnostics
Linking CXX executable cmTC_82045
/usr/bin/cmake -E cmake_link_script CMakeFiles/cmTC_82045.dir/link.txt --verbose=1
/usr/bin/c++    -fsigned-char -W -Wall -Wreturn-type -Wnon-virtual-dtor -Waddress -Wsequence-point -Wformat -Wformat-security -Wmissing-declarations -Wundef -Winit-self -Wpointer-arith -Wshadow -Wsign-promo -Wuninitialized -Wsuggest-override -Wno-delete-non-virtual-dtor -Wno-comment -Wimplicit-fallthrough=3 -Wno-strict-overflow -fdiagnostics-show-option -Wno-long-long -pthread -fomit-frame-pointer -ffunction-sections -fdata-sections  -msse -msse2 -msse3 -fvisibility=hidden -fvisibility-inlines-hidden -Wno-unused-function -Wno-deprecated-declarations -Wno-overloaded-virtual  -O3 -DNDEBUG  -DNDEBUG   -Wl,--gc-sections -Wl,--as-needed -Wl,--no-undefined  CMakeFiles/cmTC_82045.dir/src.cxx.o -o cmTC_82045 
gmake[1] : on quitte le répertoire « /home/fabien/Documents/FDS/M1/TER/opencv-4.7.0/build/CMakeFiles/CMakeTmp »


===== END =====

